<?xml version="1.0" encoding="UTF-8"?>
<!-- Generated by org.testng.reporters.JUnitReportReporter -->
<testsuite hostname="LAPTOP-958NJ5MS" failures="0" tests="3" name="test.TestClass_TestNG_A" time="2.019" errors="1" timestamp="2022-09-06T13:19:39 IST" skipped="0">
  <testcase classname="test.TestClass_TestNG_A" name="testC" time="0.002"/>
  <system-out/>
  <testcase classname="test.TestClass_TestNG_A" name="testA" time="2.016">
    <error message="Method test.TestClass_TestNG_A.testA() didn&#039;t finish within the time-out 2000" type="org.testng.internal.thread.ThreadTimeoutException">
      <![CDATA[org.testng.internal.thread.ThreadTimeoutException: Method test.TestClass_TestNG_A.testA() didn't finish within the time-out 2000
at java.base@17.0.3.1/java.lang.Thread.sleep(Native Method)
at app//test.TestClass_TestNG_A.testA(TestClass_TestNG_A.java:31)
at java.base@17.0.3.1/jdk.internal.reflect.NativeMethodAccessorImpl.invoke0(Native Method)
at java.base@17.0.3.1/jdk.internal.reflect.NativeMethodAccessorImpl.invoke(NativeMethodAccessorImpl.java:77)
at java.base@17.0.3.1/jdk.internal.reflect.DelegatingMethodAccessorImpl.invoke(DelegatingMethodAccessorImpl.java:43)
at java.base@17.0.3.1/java.lang.reflect.Method.invoke(Method.java:568)
at app//org.testng.internal.invokers.MethodInvocationHelper.invokeMethod(MethodInvocationHelper.java:135)
at app//org.testng.internal.invokers.InvokeMethodRunnable.runOne(InvokeMethodRunnable.java:44)
at app//org.testng.internal.invokers.InvokeMethodRunnable.call(InvokeMethodRunnable.java:72)
at app//org.testng.internal.invokers.InvokeMethodRunnable.call(InvokeMethodRunnable.java:10)
at java.base@17.0.3.1/java.util.concurrent.FutureTask.run(FutureTask.java:264)
at java.base@17.0.3.1/java.util.concurrent.ThreadPoolExecutor.runWorker(ThreadPoolExecutor.java:1136)
at java.base@17.0.3.1/java.util.concurrent.ThreadPoolExecutor$Worker.run(ThreadPoolExecutor.java:635)
at java.base@17.0.3.1/java.lang.Thread.run(Thread.java:833)
]]>
    </error>
  </testcase> <!-- testA -->
  <system-out/>
  <testcase classname="test.TestClass_TestNG_A" name="testB" time="0.001"/>
  <system-out/>
</testsuite> <!-- test.TestClass_TestNG_A -->
