<?xml version="1.0" encoding="UTF-8"?>
<!-- Generated by org.testng.reporters.JUnitReportReporter -->
<testsuite hostname="LAPTOP-958NJ5MS" failures="0" tests="1" name="test.OrangeHRM_TestNG" time="4.835" errors="0" timestamp="2022-09-09T23:44:58 IST" skipped="0">
  <testcase classname="test.OrangeHRM_TestNG" name="HomeTest" time="4.835"/>
  <system-out/>
</testsuite> <!-- test.OrangeHRM_TestNG -->
